e:\programing\c++\clearsystem\clearsystem\x64\release\vc143.pdb
e:\programing\c++\clearsystem\clearsystem\x64\release\.netframework,version=v4.7.2.assemblyattributes.obj
e:\programing\c++\clearsystem\clearsystem\x64\release\myform.obj
e:\programing\c++\clearsystem\x64\release\clearsystem.exe
e:\programing\c++\clearsystem\clearsystem\x64\release\clearsystem.vcxproj.assemblyreference.cache
e:\programing\c++\clearsystem\clearsystem\x64\release\clearsystem.vcxproj.generateresource.cache
e:\programing\c++\clearsystem\clearsystem\x64\release\clearsystem.myform.resources
e:\programing\c++\clearsystem\x64\release\clearsystem.pdb
e:\programing\c++\clearsystem\clearsystem\x64\release\clearsystem.tlog\cl.command.1.tlog
e:\programing\c++\clearsystem\clearsystem\x64\release\clearsystem.tlog\cl.read.1.tlog
e:\programing\c++\clearsystem\clearsystem\x64\release\clearsystem.tlog\cl.write.1.tlog
e:\programing\c++\clearsystem\clearsystem\x64\release\clearsystem.tlog\link.13332-mt.read.1.tlog
e:\programing\c++\clearsystem\clearsystem\x64\release\clearsystem.tlog\link.13332.read.1.tlog
e:\programing\c++\clearsystem\clearsystem\x64\release\clearsystem.tlog\link.13332.read.2.tlog
e:\programing\c++\clearsystem\clearsystem\x64\release\clearsystem.tlog\link.13332.write.1.tlog
e:\programing\c++\clearsystem\clearsystem\x64\release\clearsystem.tlog\link.16892-cvtres.read.1.tlog
e:\programing\c++\clearsystem\clearsystem\x64\release\clearsystem.tlog\link.16892-cvtres.write.1.tlog
e:\programing\c++\clearsystem\clearsystem\x64\release\clearsystem.tlog\link.16892-rc.read.1.tlog
e:\programing\c++\clearsystem\clearsystem\x64\release\clearsystem.tlog\link.16892-rc.write.1.tlog
e:\programing\c++\clearsystem\clearsystem\x64\release\clearsystem.tlog\link.16892.read.1.tlog
e:\programing\c++\clearsystem\clearsystem\x64\release\clearsystem.tlog\link.16892.read.2.tlog
e:\programing\c++\clearsystem\clearsystem\x64\release\clearsystem.tlog\link.16892.write.1.tlog
e:\programing\c++\clearsystem\clearsystem\x64\release\clearsystem.tlog\link.command.1.tlog
e:\programing\c++\clearsystem\clearsystem\x64\release\clearsystem.tlog\link.read.1.tlog
e:\programing\c++\clearsystem\clearsystem\x64\release\clearsystem.tlog\link.read.2.tlog
e:\programing\c++\clearsystem\clearsystem\x64\release\clearsystem.tlog\link.write.1.tlog
e:\programing\c++\clearsystem\clearsystem\x64\release\clearsystem.tlog\metagen.read.1.tlog
e:\programing\c++\clearsystem\clearsystem\x64\release\clearsystem.tlog\metagen.write.1.tlog
e:\programing\c++\clearsystem\clearsystem\x64\release\clearsystem.tlog\resgen.command.1.tlog
e:\programing\c++\clearsystem\clearsystem\x64\release\clearsystem.tlog\resgen.read.1.tlog
e:\programing\c++\clearsystem\clearsystem\x64\release\clearsystem.tlog\resgen.write.1.tlog
